<?xml version="1.0" encoding="UTF-8"?>
<!-- Generated by org.testng.reporters.JUnitReportReporter -->
<testsuite hostname="EC2AMAZ-8KL45D2" failures="0" tests="1" name="pk_HotelBooking.CreateToken" time="2.511" errors="0" timestamp="2024-10-04T05:59:18 UTC" skipped="0">
  <testcase classname="pk_HotelBooking.CreateToken" name="createToken" time="2.511"/>
  <system-out/>
</testsuite> <!-- pk_HotelBooking.CreateToken -->
