<?xml version="1.0" encoding="UTF-8"?>
<!-- Generated by org.testng.reporters.JUnitReportReporter -->
<testsuite hostname="EC2AMAZ-8KL45D2" failures="0" tests="1" name="pk_HotelBooking.GetBookingIds" time="2.649" errors="0" timestamp="2024-10-04T05:46:38 UTC" skipped="0">
  <testcase classname="pk_HotelBooking.GetBookingIds" name="GetBookingIds" time="2.649"/>
  <system-out/>
</testsuite> <!-- pk_HotelBooking.GetBookingIds -->
