<?xml version="1.0" encoding="UTF-8"?>
<!-- Generated by org.testng.reporters.JUnitReportReporter -->
<testsuite hostname="EC2AMAZ-8KL45D2" failures="0" tests="1" name="pk_HotelBooking.CreateBooking" time="2.974" errors="0" timestamp="2024-10-04T06:55:55 UTC" skipped="0">
  <testcase classname="pk_HotelBooking.CreateBooking" name="createBooking" time="2.974"/>
  <system-out/>
</testsuite> <!-- pk_HotelBooking.CreateBooking -->
