<?xml version="1.0" encoding="UTF-8"?>
<!-- Generated by org.testng.reporters.JUnitReportReporter -->
<testsuite hostname="EC2AMAZ-8KL45D2" failures="0" tests="1" name="pk_MyNotes.LoginUser" time="0.008" errors="0" timestamp="2024-10-07T04:26:47 UTC" skipped="0">
  <testcase classname="pk_MyNotes.LoginUser" name="LoginToExixtingUser" time="0.008"/>
  <system-out/>
</testsuite> <!-- pk_MyNotes.LoginUser -->
